<?xml version="1.0" encoding="UTF-8"?>
<!-- Generated by org.testng.reporters.JUnitReportReporter -->
<testsuite hostname="LBNL822997" failures="0" tests="4" name="com.gorest.tests.UserApiTests" time="8.412" errors="0" timestamp="2024-10-23T15:36:34 CEST" skipped="0">
  <testcase classname="com.gorest.tests.UserApiTests" name="testCreateUser" time="5.713"/>
  <testcase classname="com.gorest.tests.UserApiTests" name="testDeleteUser" time="1.200"/>
  <testcase classname="com.gorest.tests.UserApiTests" name="testUpdateUser" time="0.625"/>
  <testcase classname="com.gorest.tests.UserApiTests" name="testGetUserDetails" time="0.874"/>
</testsuite> <!-- com.gorest.tests.UserApiTests -->
